#
# There is insufficient memory for the Java Runtime Environment to continue.
# Native memory allocation (mmap) failed to map 58720256 bytes for G1 virtual space
# Possible reasons:
#   The system is out of physical RAM or swap space
#   The process is running with CompressedOops enabled, and the Java Heap may be blocking the growth of the native heap
# Possible solutions:
#   Reduce memory load on the system
#   Increase physical memory or swap space
#   Check if swap backing store is full
#   Decrease Java heap size (-Xmx/-Xms)
#   Decrease number of Java threads
#   Decrease Java thread stack sizes (-Xss)
#   Set larger code cache with -XX:ReservedCodeCacheSize=
#   JVM is running with Unscaled Compressed Oops mode in which the Java heap is
#     placed in the first 4GB address space. The Java Heap base address is the
#     maximum limit for the native heap growth. Please use -XX:HeapBaseMinAddress
#     to set the Java Heap base and to place the Java Heap above 4GB virtual address.
# This output file may be truncated or incomplete.
#
#  Out of Memory Error (os_windows.cpp:3469), pid=4048, tid=19972
#
# JRE version:  (17.0+35) (build )
# Java VM: Java HotSpot(TM) 64-Bit Server VM (17+35-LTS-2724, mixed mode, sharing, tiered, compressed oops, compressed class ptrs, g1 gc, windows-amd64)
# No core dump will be written. Minidumps are not enabled by default on client versions of Windows
#

---------------  S U M M A R Y ------------

Command Line: -XX:+ShowCodeDetailsInExceptionMessages Swing_login

Host: AMD Ryzen 3 3250U with Radeon Graphics         , 4 cores, 3G,  Windows 10 , 64 bit Build 22621 (10.0.22621.2428)
Time: Sun Nov  5 15:21:30 2023 India Standard Time elapsed time: 0.034038 seconds (0d 0h 0m 0s)

---------------  T H R E A D  ---------------

Current thread (0x000002000a518180):  JavaThread "Unknown thread" [_thread_in_vm, id=19972, stack(0x000000e8f7300000,0x000000e8f7400000)]

Stack: [0x000000e8f7300000,0x000000e8f7400000]
Native frames: (J=compiled Java code, j=interpreted, Vv=VM code, C=native code)
V  [jvm.dll+0x66f8ea]
V  [jvm.dll+0x7ce224]
V  [jvm.dll+0x7cf9ce]
V  [jvm.dll+0x7d0033]
V  [jvm.dll+0x242bb5]
V  [jvm.dll+0x66c909]
V  [jvm.dll+0x6613d2]
V  [jvm.dll+0x30082b]
V  [jvm.dll+0x307db6]
V  [jvm.dll+0x357a0e]
V  [jvm.dll+0x357c3f]
V  [jvm.dll+0x2d7ae8]
V  [jvm.dll+0x2d8a54]
V  [jvm.dll+0x7a00a1]
V  [jvm.dll+0x365781]
V  [jvm.dll+0x77f59c]
V  [jvm.dll+0x3e805f]
V  [jvm.dll+0x3e9b01]
C  [jli.dll+0x527b]
C  [ucrtbase.dll+0x29363]
C  [KERNEL32.DLL+0x1257d]
C  [ntdll.dll+0x5aa78]


---------------  P R O C E S S  ---------------

Threads class SMR info:
_java_thread_list=0x00007fff7e037818, length=0, elements={
}

Java Threads: ( => current thread )

Other Threads:
  0x000002000a5438c0 GCTaskThread "GC Thread#0" [stack: 0x000000e8f7400000,0x000000e8f7500000] [id=7296]
  0x000002000a54b580 ConcurrentGCThread "G1 Main Marker" [stack: 0x000000e8f7500000,0x000000e8f7600000] [id=2512]
  0x000002000a54bf90 ConcurrentGCThread "G1 Conc#0" [stack: 0x000000e8f7600000,0x000000e8f7700000] [id=19688]

[error occurred during error reporting (printing all threads), id 0xc0000005, EXCEPTION_ACCESS_VIOLATION (0xc0000005) at pc=0x00007fff7d8884c7]

VM state: not at safepoint (not fully initialized)

VM Mutex/Monitor currently owned by a thread:  ([mutex/lock_event])
[0x000002000a513a20] Heap_lock - owner thread: 0x000002000a518180

Heap address: 0x00000000c9400000, size: 876 MB, Compressed Oops mode: 32-bit

CDS archive(s) mapped at: [0x0000000000000000-0x0000000000000000-0x0000000000000000), size 0, SharedBaseAddress: 0x0000000800000000, ArchiveRelocationMode: 0.
Narrow klass base: 0x0000000000000000, Narrow klass shift: 0, Narrow klass range: 0x0

GC Precious Log:
<Empty>

Heap:
 garbage-first heap   total 0K, used 0K [0x00000000c9400000, 0x0000000100000000)
  region size 1024K, 0 young (0K), 0 survivors (0K)

[error occurred during error reporting (printing heap information), id 0xc0000005, EXCEPTION_ACCESS_VIOLATION (0xc0000005) at pc=0x00007fff7dc68c59]

GC Heap History (0 events):
No events

Deoptimization events (0 events):
No events

Classes unloaded (0 events):
No events

Classes redefined (0 events):
No events

Internal exceptions (0 events):
No events

VM Operations (0 events):
No events

Events (1 events):
Event: 0.021 Loaded shared library C:\Program Files\Java\jdk-17\bin\java.dll


Dynamic libraries:
0x00007ff75d630000 - 0x00007ff75d640000 	C:\Program Files\Java\jdk-17\bin\java.exe
0x00007fffc0cb0000 - 0x00007fffc0ec7000 	C:\WINDOWS\SYSTEM32\ntdll.dll
0x00007fffbfe80000 - 0x00007fffbff44000 	C:\WINDOWS\System32\KERNEL32.DLL
0x00007fffbe030000 - 0x00007fffbe3d6000 	C:\WINDOWS\System32\KERNELBASE.dll
0x00007fffbe730000 - 0x00007fffbe841000 	C:\WINDOWS\System32\ucrtbase.dll
0x00007fffaba90000 - 0x00007fffabaaa000 	C:\Program Files\Java\jdk-17\bin\VCRUNTIME140.dll
0x00007fffa8c60000 - 0x00007fffa8c78000 	C:\Program Files\Java\jdk-17\bin\jli.dll
0x00007fffbf110000 - 0x00007fffbf1c0000 	C:\WINDOWS\System32\ADVAPI32.dll
0x00007fffc0590000 - 0x00007fffc0637000 	C:\WINDOWS\System32\msvcrt.dll
0x00007fffc0470000 - 0x00007fffc0516000 	C:\WINDOWS\System32\sechost.dll
0x00007fffbfc90000 - 0x00007fffbfda7000 	C:\WINDOWS\System32\RPCRT4.dll
0x00007fffbf1c0000 - 0x00007fffbf36d000 	C:\WINDOWS\System32\USER32.dll
0x00007fffa9330000 - 0x00007fffa95c3000 	C:\WINDOWS\WinSxS\amd64_microsoft.windows.common-controls_6595b64144ccf1df_6.0.22621.2361_none_2712ced57382f843\COMCTL32.dll
0x00007fffbe850000 - 0x00007fffbe876000 	C:\WINDOWS\System32\win32u.dll
0x00007fffc0090000 - 0x00007fffc00b9000 	C:\WINDOWS\System32\GDI32.dll
0x00007fffbe610000 - 0x00007fffbe728000 	C:\WINDOWS\System32\gdi32full.dll
0x00007fffbe970000 - 0x00007fffbea0a000 	C:\WINDOWS\System32\msvcp_win.dll
0x00007fffb6890000 - 0x00007fffb689a000 	C:\WINDOWS\SYSTEM32\VERSION.dll
0x00007fffc0050000 - 0x00007fffc0081000 	C:\WINDOWS\System32\IMM32.DLL
0x00007fffb5b80000 - 0x00007fffb5b8c000 	C:\Program Files\Java\jdk-17\bin\vcruntime140_1.dll
0x00007fffa3430000 - 0x00007fffa34bd000 	C:\Program Files\Java\jdk-17\bin\msvcp140.dll
0x00007fff7d5a0000 - 0x00007fff7e15e000 	C:\Program Files\Java\jdk-17\bin\server\jvm.dll
0x00007fffbfc60000 - 0x00007fffbfc68000 	C:\WINDOWS\System32\PSAPI.DLL
0x00007fffbafb0000 - 0x00007fffbafb9000 	C:\WINDOWS\SYSTEM32\WSOCK32.dll
0x00007fffb7b80000 - 0x00007fffb7bb4000 	C:\WINDOWS\SYSTEM32\WINMM.dll
0x00007fffbf090000 - 0x00007fffbf101000 	C:\WINDOWS\System32\WS2_32.dll
0x00007fffbd070000 - 0x00007fffbd088000 	C:\WINDOWS\SYSTEM32\kernel.appcore.dll
0x00007fffad770000 - 0x00007fffad77a000 	C:\Program Files\Java\jdk-17\bin\jimage.dll
0x00007fffbbaa0000 - 0x00007fffbbcce000 	C:\WINDOWS\SYSTEM32\DBGHELP.DLL
0x00007fffbebb0000 - 0x00007fffbef3a000 	C:\WINDOWS\System32\combase.dll
0x00007fffbefb0000 - 0x00007fffbf087000 	C:\WINDOWS\System32\OLEAUT32.dll
0x00007fffa1ca0000 - 0x00007fffa1cd2000 	C:\WINDOWS\SYSTEM32\dbgcore.DLL
0x00007fffbe880000 - 0x00007fffbe8fa000 	C:\WINDOWS\System32\bcryptPrimitives.dll
0x00007fffa8a70000 - 0x00007fffa8a95000 	C:\Program Files\Java\jdk-17\bin\java.dll

dbghelp: loaded successfully - version: 4.0.5 - missing functions: none
symbol engine: initialized successfully - sym options: 0x614 - pdb path: .;C:\Program Files\Java\jdk-17\bin;C:\WINDOWS\SYSTEM32;C:\WINDOWS\WinSxS\amd64_microsoft.windows.common-controls_6595b64144ccf1df_6.0.22621.2361_none_2712ced57382f843;C:\Program Files\Java\jdk-17\bin\server

VM Arguments:
jvm_args: -XX:+ShowCodeDetailsInExceptionMessages 
java_command: Swing_login
java_class_path (initial): C:\Users\lavanya1\AppData\Roaming\Code\User\workspaceStorage\c307e5e617ca7e1ed4218f2f47528a5d\redhat.java\jdt_ws\corejava_e79313f7\bin
Launcher Type: SUN_STANDARD

[Global flags]
     intx CICompilerCount                          = 3                                         {product} {ergonomic}
     uint ConcGCThreads                            = 1                                         {product} {ergonomic}
     uint G1ConcRefinementThreads                  = 4                                         {product} {ergonomic}
   size_t G1HeapRegionSize                         = 1048576                                   {product} {ergonomic}
    uintx GCDrainStackTargetSize                   = 64                                        {product} {ergonomic}
   size_t InitialHeapSize                          = 58720256                                  {product} {ergonomic}
   size_t MarkStackSize                            = 4194304                                   {product} {ergonomic}
   size_t MaxHeapSize                              = 918552576                                 {product} {ergonomic}
   size_t MinHeapDeltaBytes                        = 1048576                                   {product} {ergonomic}
   size_t MinHeapSize                              = 8388608                                   {product} {ergonomic}
    uintx NonNMethodCodeHeapSize                   = 5832780                                {pd product} {ergonomic}
    uintx NonProfiledCodeHeapSize                  = 122912730                              {pd product} {ergonomic}
    uintx ProfiledCodeHeapSize                     = 122912730                              {pd product} {ergonomic}
    uintx ReservedCodeCacheSize                    = 251658240                              {pd product} {ergonomic}
     bool SegmentedCodeCache                       = true                                      {product} {ergonomic}
     bool ShowCodeDetailsInExceptionMessages       = true                                   {manageable} {command line}
   size_t SoftMaxHeapSize                          = 918552576                              {manageable} {ergonomic}
     bool UseCompressedClassPointers               = true                           {product lp64_product} {ergonomic}
     bool UseCompressedOops                        = true                           {product lp64_product} {ergonomic}
     bool UseG1GC                                  = true                                      {product} {ergonomic}
     bool UseLargePagesIndividualAllocation        = false                                  {pd product} {ergonomic}

Logging:
Log output configuration:
 #0: stdout all=warning uptime,level,tags
 #1: stderr all=off uptime,level,tags

Environment Variables:
PATH=C:\Program Files\Common Files\Oracle\Java\javapath;C:\WINDOWS\system32;C:\WINDOWS;C:\WINDOWS\System32\Wbem;C:\WINDOWS\System32\WindowsPowerShell\v1.0\;C:\WINDOWS\System32\OpenSSH\;C:\Program Files\Java\jdk-17\bin;C:\Users\lavanya1\AppData\Local\Microsoft\WindowsApps;;C:\Users\lavanya1\AppData\Local\Programs\Microsoft VS Code\bin
USERNAME=lavanya1
LANG=en_US.UTF-8
OS=Windows_NT
PROCESSOR_IDENTIFIER=AMD64 Family 23 Model 24 Stepping 1, AuthenticAMD



---------------  S Y S T E M  ---------------

OS:
 Windows 10 , 64 bit Build 22621 (10.0.22621.2428)
OS uptime: 4 days 21:24 hours

CPU: total 4 (initial active 4) (4 cores per cpu, 2 threads per core) family 23 model 24 stepping 1 microcode 0x0, cx8, cmov, fxsr, ht, mmx, 3dnowpref, sse, sse2, sse3, ssse3, sse4a, sse4.1, sse4.2, popcnt, lzcnt, tsc, tscinvbit, avx, avx2, aes, clmul, bmi1, bmi2, adx, sha, fma, vzeroupper, clflush, clflushopt

Memory: 4k page, system-wide physical 3503M (206M free)
TotalPageFile size 14255M (AvailPageFile size 16M)
current process WorkingSet (physical memory assigned to process): 10M, peak: 10M
current process commit charge ("private bytes"): 51M, peak: 107M

vm_info: Java HotSpot(TM) 64-Bit Server VM (17+35-LTS-2724) for windows-amd64 JRE (17+35-LTS-2724), built on Aug  5 2021 23:28:28 by "mach5one" with MS VC++ 16.8 (VS2019)

END.
